#
# There is insufficient memory for the Java Runtime Environment to continue.
# Native memory allocation (malloc) failed to allocate 1048576 bytes for AllocateHeap
# Possible reasons:
#   The system is out of physical RAM or swap space
#   The process is running with CompressedOops enabled, and the Java Heap may be blocking the growth of the native heap
# Possible solutions:
#   Reduce memory load on the system
#   Increase physical memory or swap space
#   Check if swap backing store is full
#   Decrease Java heap size (-Xmx/-Xms)
#   Decrease number of Java threads
#   Decrease Java thread stack sizes (-Xss)
#   Set larger code cache with -XX:ReservedCodeCacheSize=
#   JVM is running with Unscaled Compressed Oops mode in which the Java heap is
#     placed in the first 4GB address space. The Java Heap base address is the
#     maximum limit for the native heap growth. Please use -XX:HeapBaseMinAddress
#     to set the Java Heap base and to place the Java Heap above 4GB virtual address.
# This output file may be truncated or incomplete.
#
#  Out of Memory Error (allocation.cpp:44), pid=24316, tid=8584
#
# JRE version:  (17.0.10+8) (build )
# Java VM: OpenJDK 64-Bit Server VM (17.0.10+8-b1207.12, mixed mode, sharing, tiered, compressed oops, compressed class ptrs, g1 gc, windows-amd64)
# No core dump will be written. Minidumps are not enabled by default on client versions of Windows
#

---------------  S U M M A R Y ------------

Command Line: git4idea.http.GitAskPassApp Username for 'https://github.com': 

Host: Intel(R) Core(TM) i7-9700K CPU @ 3.60GHz, 8 cores, 15G,  Windows 10 , 64 bit Build 19041 (10.0.19041.3636)
Time: Sat Jun  1 11:29:27 2024  Windows 10 , 64 bit Build 19041 (10.0.19041.3636) elapsed time: 0.007063 seconds (0d 0h 0m 0s)

---------------  T H R E A D  ---------------

Current thread (0x0000025ab96921e0):  JavaThread "Unknown thread" [_thread_in_vm, id=8584, stack(0x000000c1a5d00000,0x000000c1a5e00000)]

Stack: [0x000000c1a5d00000,0x000000c1a5e00000]
Native frames: (J=compiled Java code, j=interpreted, Vv=VM code, C=native code)
V  [jvm.dll+0x687989]
V  [jvm.dll+0x84116a]
V  [jvm.dll+0x842dae]
V  [jvm.dll+0x843413]
V  [jvm.dll+0x249ccf]
V  [jvm.dll+0xa6ca3]
V  [jvm.dll+0x2dc3b4]
V  [jvm.dll+0x811bfc]
V  [jvm.dll+0x36fc11]
V  [jvm.dll+0x7f0666]
V  [jvm.dll+0x3f3daf]
V  [jvm.dll+0x3f5a41]
C  [jli.dll+0x528f]
C  [ucrtbase.dll+0x21bb2]
C  [KERNEL32.DLL+0x17344]
C  [ntdll.dll+0x526b1]


---------------  P R O C E S S  ---------------

Threads class SMR info:
_java_thread_list=0x00007ffeb90adf58, length=0, elements={
}

Java Threads: ( => current thread )

Other Threads:

=>0x0000025ab96921e0 (exited) JavaThread "Unknown thread" [_thread_in_vm, id=8584, stack(0x000000c1a5d00000,0x000000c1a5e00000)]

Threads with active compile tasks:

VM state: not at safepoint (not fully initialized)

VM Mutex/Monitor currently owned by a thread: None

Heap address: 0x0000000000000000, size: 0 MB, Compressed Oops mode: 32-bit

CDS archive(s) mapped at: [0x0000000000000000-0x0000000000000000-0x0000000000000000), size 0, SharedBaseAddress: 0x0000000800000000, ArchiveRelocationMode: 1.
Narrow klass base: 0x0000000000000000, Narrow klass shift: 0, Narrow klass range: 0x0

GC Precious Log:
<Empty>

GC Heap History (0 events):
No events

Dll operation events (1 events):
Event: 0.004 Loaded shared library C:\Program Files\JetBrains\PyCharm Community Edition 2023.3.2\jbr\bin\java.dll

Deoptimization events (0 events):
No events

Classes unloaded (0 events):
No events

Classes redefined (0 events):
No events

Internal exceptions (0 events):
No events

VM Operations (0 events):
No events

Events (0 events):
No events


Dynamic libraries:
0x00007ff7e5710000 - 0x00007ff7e571a000 	C:\Program Files\JetBrains\PyCharm Community Edition 2023.3.2\jbr\bin\java.exe
0x00007fff0b290000 - 0x00007fff0b488000 	C:\WINDOWS\SYSTEM32\ntdll.dll
0x00007fff09380000 - 0x00007fff0943d000 	C:\WINDOWS\System32\KERNEL32.DLL
0x00007fff08940000 - 0x00007fff08c36000 	C:\WINDOWS\System32\KERNELBASE.dll
0x000000005ecc0000 - 0x000000005eff2000 	C:\Program Files\Norton Security\NortonData\22.22.1.58\Definitions\IPSDefs\20240531.064\IPSEng64.dll
0x00007fff09cd0000 - 0x00007fff09d80000 	C:\WINDOWS\System32\ADVAPI32.dll
0x00007fff0ad20000 - 0x00007fff0adbe000 	C:\WINDOWS\System32\msvcrt.dll
0x00007fff0a380000 - 0x00007fff0a420000 	C:\WINDOWS\System32\sechost.dll
0x00007fff09d80000 - 0x00007fff09ea3000 	C:\WINDOWS\System32\RPCRT4.dll
0x00007fff08ed0000 - 0x00007fff08ef7000 	C:\WINDOWS\System32\bcrypt.dll
0x00007fff0b240000 - 0x00007fff0b248000 	C:\WINDOWS\System32\PSAPI.DLL
0x00007fff08f00000 - 0x00007fff09000000 	C:\WINDOWS\System32\ucrtbase.dll
0x00007ffecfff0000 - 0x00007ffed0007000 	C:\Program Files\JetBrains\PyCharm Community Edition 2023.3.2\jbr\bin\jli.dll
0x00007fff0ab80000 - 0x00007fff0ad1f000 	C:\WINDOWS\System32\USER32.dll
0x00007fff08ea0000 - 0x00007fff08ec2000 	C:\WINDOWS\System32\win32u.dll
0x00007ffee86d0000 - 0x00007ffee896a000 	C:\WINDOWS\WinSxS\amd64_microsoft.windows.common-controls_6595b64144ccf1df_6.0.19041.4355_none_60b8b9eb71f62e16\COMCTL32.dll
0x00007fff092c0000 - 0x00007fff092eb000 	C:\WINDOWS\System32\GDI32.dll
0x00007fff01220000 - 0x00007fff0123b000 	C:\Program Files\JetBrains\PyCharm Community Edition 2023.3.2\jbr\bin\VCRUNTIME140.dll
0x00007fff09000000 - 0x00007fff09117000 	C:\WINDOWS\System32\gdi32full.dll
0x00007fff09190000 - 0x00007fff0922d000 	C:\WINDOWS\System32\msvcp_win.dll
0x00007fff09ed0000 - 0x00007fff09f02000 	C:\WINDOWS\System32\IMM32.DLL
0x00007fff02b00000 - 0x00007fff02b0c000 	C:\Program Files\JetBrains\PyCharm Community Edition 2023.3.2\jbr\bin\vcruntime140_1.dll
0x00007ffecef40000 - 0x00007ffecefcd000 	C:\Program Files\JetBrains\PyCharm Community Edition 2023.3.2\jbr\bin\msvcp140.dll
0x00007ffeb8570000 - 0x00007ffeb91f2000 	C:\Program Files\JetBrains\PyCharm Community Edition 2023.3.2\jbr\bin\server\jvm.dll
0x00007ffef30c0000 - 0x00007ffef30e7000 	C:\WINDOWS\SYSTEM32\WINMM.dll
0x00007fff07e60000 - 0x00007fff07eab000 	C:\WINDOWS\SYSTEM32\POWRPROF.dll
0x00007fff03f40000 - 0x00007fff03f49000 	C:\WINDOWS\SYSTEM32\WSOCK32.dll
0x00007fff03d90000 - 0x00007fff03d9a000 	C:\WINDOWS\SYSTEM32\VERSION.dll
0x00007fff0a480000 - 0x00007fff0a4eb000 	C:\WINDOWS\System32\WS2_32.dll
0x00007fff07d30000 - 0x00007fff07d42000 	C:\WINDOWS\SYSTEM32\UMPDC.dll
0x00007fff06700000 - 0x00007fff06712000 	C:\WINDOWS\SYSTEM32\kernel.appcore.dll
0x00007ffef8110000 - 0x00007ffef811a000 	C:\Program Files\JetBrains\PyCharm Community Edition 2023.3.2\jbr\bin\jimage.dll
0x00007ffef77d0000 - 0x00007ffef79b4000 	C:\WINDOWS\SYSTEM32\DBGHELP.DLL
0x00007ffef47b0000 - 0x00007ffef47e4000 	C:\WINDOWS\SYSTEM32\dbgcore.DLL
0x00007fff09230000 - 0x00007fff092b2000 	C:\WINDOWS\System32\bcryptPrimitives.dll
0x00007ffedead0000 - 0x00007ffedeaf5000 	C:\Program Files\JetBrains\PyCharm Community Edition 2023.3.2\jbr\bin\java.dll

dbghelp: loaded successfully - version: 4.0.5 - missing functions: none
symbol engine: initialized successfully - sym options: 0x614 - pdb path: .;C:\Program Files\JetBrains\PyCharm Community Edition 2023.3.2\jbr\bin;C:\WINDOWS\SYSTEM32;C:\Program Files\Norton Security\NortonData\22.22.1.58\Definitions\IPSDefs\20240531.064;C:\WINDOWS\WinSxS\amd64_microsoft.windows.common-controls_6595b64144ccf1df_6.0.19041.4355_none_60b8b9eb71f62e16;C:\Program Files\JetBrains\PyCharm Community Edition 2023.3.2\jbr\bin\server

VM Arguments:
java_command: git4idea.http.GitAskPassApp Username for 'https://github.com': 
java_class_path (initial): C:/Program Files/JetBrains/PyCharm Community Edition 2023.3.2/plugins/vcs-git/lib/git4idea-rt.jar;C:/Program Files/JetBrains/PyCharm Community Edition 2023.3.2/lib/externalProcess-rt.jar
Launcher Type: SUN_STANDARD

[Global flags]
     intx CICompilerCount                          = 4                                         {product} {ergonomic}
     uint ConcGCThreads                            = 2                                         {product} {ergonomic}
     uint G1ConcRefinementThreads                  = 8                                         {product} {ergonomic}
   size_t G1HeapRegionSize                         = 2097152                                   {product} {ergonomic}
    uintx GCDrainStackTargetSize                   = 64                                        {product} {ergonomic}
   size_t InitialHeapSize                          = 264241152                                 {product} {ergonomic}
   size_t MarkStackSize                            = 4194304                                   {product} {ergonomic}
   size_t MaxHeapSize                              = 4204789760                                {product} {ergonomic}
   size_t MinHeapDeltaBytes                        = 2097152                                   {product} {ergonomic}
   size_t MinHeapSize                              = 8388608                                   {product} {ergonomic}
    uintx NonNMethodCodeHeapSize                   = 5839372                                {pd product} {ergonomic}
    uintx NonProfiledCodeHeapSize                  = 122909434                              {pd product} {ergonomic}
    uintx ProfiledCodeHeapSize                     = 122909434                              {pd product} {ergonomic}
    uintx ReservedCodeCacheSize                    = 251658240                              {pd product} {ergonomic}
     bool SegmentedCodeCache                       = true                                      {product} {ergonomic}
   size_t SoftMaxHeapSize                          = 4204789760                             {manageable} {ergonomic}
     bool UseCompressedClassPointers               = true                           {product lp64_product} {ergonomic}
     bool UseCompressedOops                        = true                           {product lp64_product} {ergonomic}
     bool UseG1GC                                  = true                                      {product} {ergonomic}
     bool UseLargePagesIndividualAllocation        = false                                  {pd product} {ergonomic}

Logging:
Log output configuration:
 #0: stdout all=warning uptime,level,tags
 #1: stderr all=off uptime,level,tags

Environment Variables:
JAVA_HOME=C:\Program Files\Java\jdk-17.0.1
PATH=C:/Program Files/Git/mingw64/libexec/git-core;C:/Program Files/Git/mingw64/libexec/git-core;C:\Program Files\Git\mingw64\bin;C:\Program Files\Git\usr\bin;C:\Users\turnt\bin;C:\Users\turnt\OneDrive\Áπù„?ª„ÅõÁπß?ΩØÁπùÂåª„É£Áπù‰∫?Python\2023_July\.venv\Scripts;C:\Program Files\Eclipse Adoptium\jdk-8.0.352.8-hotspot\bin;C:\Program Files\Common Files\Oracle\Java\javapath;C:\Program Files (x86)\Common Files\Oracle\Java\java8path;C:\Program Files (x86)\Common Files\Oracle\Java\javapath;C:\Program Files (x86)\Intel\Intel(R) Management Engine Components\iCLS\;C:\Program Files\Intel\Intel(R) Management Engine Components\iCLS\;C:\WINDOWS\system32;C:\WINDOWS;C:\WINDOWS\System32\Wbem;C:\WINDOWS\System32\WindowsPowerShell\v1.0\;C:\WINDOWS\System32\OpenSSH\;C:\Program Files (x86)\Intel\Intel(R) Management Engine Components\DAL;C:\Program Files\Intel\Intel(R) Management Engine Components\DAL;C:\PROGRA~1\JPKI;C:\Program Files\Microsoft SQL Server\130\Tools\Binn\;C:\Program Files\Java\jdk-17.0.1\bin;C:\Program Files\Java\jdk1.8.0_202\bin;C:\Program Files\MySQL\MySQL Server 8.0\bin;C:\Program Files\Microsoft SQL Server\Client SDK\ODBC\110\Tools\Binn\;C:\Program Files (x86)\Microsoft SQL Server\120\Tools\Binn\;C:\Program Files\Microsoft SQL Server\120\Tools\Binn\;C:\Program Files\Microsoft SQL Server\120\DTS\Binn\;C:\Program Files (x86)\Microsoft SQL Server\120\Tools\Binn\ManagementStudio\;C:\Program Files (x86)\Microsoft SQL Server\120\DTS\Binn\;C:\Users\turnt\anaconda3;C:\Users\turnt\anaconda3\Scripts;C:\Users\turnt\anaconda3\Library\bin;C:\Users\turnt\anaconda3\Library\mingw-w64\bin;C:\Program Files\Go\bin;C:\Program Files\PowerShell\7\;C:\Program Files\Git\cmd;C:\Users\turnt\AppData\Local\Programs\Python\Launcher\;C:\Users\turnt\anaconda3;C:\Users\turnt\anaconda3\Scripts;C:\Users\turnt\scoop\shims;C:\Users\turnt\anaconda3\Library\mingw-w64\bin;C:\Users\turnt\anaconda3\Library\usr\bin;C:\Users\turnt\anaconda3\Library\bin;D:\Ruby27-x64\bin;C:\Users\turnt\AppData\Local\Microsoft\Win
USERNAME=turnt
DISPLAY=:0.0
LC_ALL=en_US.UTF-8
TERM=xterm-256color
TMPDIR=C:\Users\turnt\AppData\Local\Temp
OS=Windows_NT
PROCESSOR_IDENTIFIER=Intel64 Family 6 Model 158 Stepping 13, GenuineIntel
TMP=C:\Users\turnt\AppData\Local\Temp
TEMP=C:\Users\turnt\AppData\Local\Temp



Periodic native trim disabled

JNI global refs:
JNI global refs: 0, weak refs: 0

JNI global refs memory usage: 0, weak refs: 0

OOME stack traces (most recent first):
Classloader memory used:


---------------  S Y S T E M  ---------------

OS:
 Windows 10 , 64 bit Build 19041 (10.0.19041.3636)
OS uptime: 9 days 7:36 hours

CPU: total 8 (initial active 8) (8 cores per cpu, 1 threads per core) family 6 model 158 stepping 13 microcode 0xb4, cx8, cmov, fxsr, mmx, 3dnowpref, sse, sse2, sse3, ssse3, sse4.1, sse4.2, popcnt, lzcnt, tsc, tscinvbit, avx, avx2, aes, erms, clmul, bmi1, bmi2, rtm, adx, fma, vzeroupper, clflush, clflushopt
Processor Information for all 8 processors :
  Max Mhz: 3601, Current Mhz: 3601, Mhz Limit: 3601

Memory: 4k page, system-wide physical 16038M (4882M free)
TotalPageFile size 21038M (AvailPageFile size 6M)
current process WorkingSet (physical memory assigned to process): 11M, peak: 11M
current process commit charge ("private bytes"): 13M, peak: 14M

vm_info: OpenJDK 64-Bit Server VM (17.0.10+8-b1207.12) for windows-amd64 JRE (17.0.10+8-b1207.12), built on 2024-03-15 by "builduser" with MS VC++ 16.10 / 16.11 (VS2019)

END.
