#
# There is insufficient memory for the Java Runtime Environment to continue.
# Native memory allocation (mmap) failed to map 65536 bytes for Failed to commit metaspace.
# Possible reasons:
#   The system is out of physical RAM or swap space
#   The process is running with CompressedOops enabled, and the Java Heap may be blocking the growth of the native heap
# Possible solutions:
#   Reduce memory load on the system
#   Increase physical memory or swap space
#   Check if swap backing store is full
#   Decrease Java heap size (-Xmx/-Xms)
#   Decrease number of Java threads
#   Decrease Java thread stack sizes (-Xss)
#   Set larger code cache with -XX:ReservedCodeCacheSize=
#   JVM is running with Zero Based Compressed Oops mode in which the Java heap is
#     placed in the first 32GB address space. The Java Heap base address is the
#     maximum limit for the native heap growth. Please use -XX:HeapBaseMinAddress
#     to set the Java Heap base and to place the Java Heap above 32GB virtual address.
# This output file may be truncated or incomplete.
#
#  Out of Memory Error (virtualSpaceNode.cpp:110), pid=7004, tid=21716
#
# JRE version: OpenJDK Runtime Environment JBR-17.0.10+8-1207.12-jcef (17.0.10+8) (build 17.0.10+8-b1207.12)
# Java VM: OpenJDK 64-Bit Server VM JBR-17.0.10+8-1207.12-jcef (17.0.10+8-b1207.12, mixed mode, tiered, compressed oops, compressed class ptrs, g1 gc, windows-amd64)
# No core dump will be written. Minidumps are not enabled by default on client versions of Windows
#

---------------  S U M M A R Y ------------

Command Line: git4idea.http.GitAskPassApp Username for 'https://github.com': 

Host: Intel(R) Core(TM) i7-9700K CPU @ 3.60GHz, 8 cores, 15G,  Windows 10 , 64 bit Build 19041 (10.0.19041.4597)
Time: Sat Aug  3 11:56:12 2024  Windows 10 , 64 bit Build 19041 (10.0.19041.4597) elapsed time: 0.360807 seconds (0d 0h 0m 0s)

---------------  T H R E A D  ---------------

Current thread (0x00000285a42b7120):  JavaThread "HttpClient-1-Worker-0" daemon [_thread_in_vm, id=21716, stack(0x000000e330300000,0x000000e330400000)]

Stack: [0x000000e330300000,0x000000e330400000]
Native frames: (J=compiled Java code, j=interpreted, Vv=VM code, C=native code)
V  [jvm.dll+0x687989]
V  [jvm.dll+0x84116a]
V  [jvm.dll+0x842dae]
V  [jvm.dll+0x843413]
V  [jvm.dll+0x249ccf]
V  [jvm.dll+0x83c11b]
V  [jvm.dll+0x62bf36]
V  [jvm.dll+0x62bf9a]
V  [jvm.dll+0x62e7ca]
V  [jvm.dll+0x62c8d6]
V  [jvm.dll+0x23d96f]
V  [jvm.dll+0x636785]
V  [jvm.dll+0x1ecb4b]
V  [jvm.dll+0x1ed085]
V  [jvm.dll+0x1eda25]
V  [jvm.dll+0x1e2edc]
V  [jvm.dll+0x54c7ac]
V  [jvm.dll+0x1f3a5b]
V  [jvm.dll+0x7b97bb]
V  [jvm.dll+0x7bac2c]
V  [jvm.dll+0x7baf78]
V  [jvm.dll+0x24170e]
V  [jvm.dll+0x38624e]
C  0x000002858c01b6ee

The last pc belongs to new (printed below).
Java frames: (J=compiled Java code, j=interpreted, Vv=VM code)
j  sun.security.ssl.ServerNameExtension.<clinit>()V+40 java.base@17.0.10
v  ~StubRoutines::call_stub
j  sun.security.ssl.SSLExtension.<clinit>()V+18 java.base@17.0.10
v  ~StubRoutines::call_stub
j  sun.security.ssl.SSLConfiguration.getEnabledExtensions(Lsun/security/ssl/SSLHandshake;Ljava/util/List;)[Lsun/security/ssl/SSLExtension;+8 java.base@17.0.10
j  sun.security.ssl.ClientHello$ClientHelloKickstartProducer.produce(Lsun/security/ssl/ConnectionContext;)[B+949 java.base@17.0.10
j  sun.security.ssl.SSLHandshake.kickstart(Lsun/security/ssl/HandshakeContext;)V+47 java.base@17.0.10
j  sun.security.ssl.ClientHandshakeContext.kickstart()V+9 java.base@17.0.10
j  sun.security.ssl.TransportContext.kickstart()V+234 java.base@17.0.10
j  sun.security.ssl.SSLEngineImpl.writeRecord([Ljava/nio/ByteBuffer;II[Ljava/nio/ByteBuffer;II)Ljavax/net/ssl/SSLEngineResult;+117 java.base@17.0.10
j  sun.security.ssl.SSLEngineImpl.wrap([Ljava/nio/ByteBuffer;II[Ljava/nio/ByteBuffer;II)Ljavax/net/ssl/SSLEngineResult;+53 java.base@17.0.10
j  sun.security.ssl.SSLEngineImpl.wrap([Ljava/nio/ByteBuffer;IILjava/nio/ByteBuffer;)Ljavax/net/ssl/SSLEngineResult;+15 java.base@17.0.10
j  javax.net.ssl.SSLEngine.wrap([Ljava/nio/ByteBuffer;Ljava/nio/ByteBuffer;)Ljavax/net/ssl/SSLEngineResult;+20 java.base@17.0.10
j  jdk.internal.net.http.common.SSLFlowDelegate$Writer.wrapBuffers([Ljava/nio/ByteBuffer;)Ljdk/internal/net/http/common/SSLFlowDelegate$EngineResult;+131 java.net.http@17.0.10
j  jdk.internal.net.http.common.SSLFlowDelegate$Writer.processData()V+90 java.net.http@17.0.10
j  jdk.internal.net.http.common.SSLFlowDelegate$Writer$WriterDownstreamPusher.run()V+4 java.net.http@17.0.10
j  jdk.internal.net.http.common.SequentialScheduler$CompleteRestartableTask.run(Ljdk/internal/net/http/common/SequentialScheduler$DeferredCompleter;)V+1 java.net.http@17.0.10
j  jdk.internal.net.http.common.SequentialScheduler$SchedulableTask.run()V+14 java.net.http@17.0.10
j  jdk.internal.net.http.common.SequentialScheduler.runOrSchedule(Ljdk/internal/net/http/common/SequentialScheduler$SchedulableTask;Ljava/util/concurrent/Executor;)V+86 java.net.http@17.0.10
j  jdk.internal.net.http.common.SequentialScheduler.runOrSchedule()V+6 java.net.http@17.0.10
j  jdk.internal.net.http.common.SSLFlowDelegate$Writer.incoming(Ljava/util/List;Z)V+155 java.net.http@17.0.10
j  jdk.internal.net.http.common.SubscriberWrapper.incomingCaller(Ljava/util/List;Z)V+3 java.net.http@17.0.10
j  jdk.internal.net.http.common.SubscriberWrapper.addData(Ljava/nio/ByteBuffer;)V+24 java.net.http@17.0.10
j  jdk.internal.net.http.common.SSLFlowDelegate$Writer.onSubscribe()V+27 java.net.http@17.0.10
j  jdk.internal.net.http.common.SubscriberWrapper.onSubscribe(Ljava/util/concurrent/Flow$Subscription;)V+78 java.net.http@17.0.10
j  jdk.internal.net.http.common.SSLTube$SSLTubeFlowDelegate.connect(Ljava/util/concurrent/Flow$Subscriber;Ljava/util/concurrent/Flow$Subscriber;)V+95 java.net.http@17.0.10
j  jdk.internal.net.http.common.SSLFlowDelegate.<init>(Ljavax/net/ssl/SSLEngine;Ljava/util/concurrent/Executor;Ljava/util/function/Consumer;Ljava/util/concurrent/Flow$Subscriber;Ljava/util/concurrent/Flow$Subscriber;)V+243 java.net.http@17.0.10
j  jdk.internal.net.http.common.SSLTube$SSLTubeFlowDelegate.<init>(Ljdk/internal/net/http/common/SSLTube;Ljavax/net/ssl/SSLEngine;Ljava/util/concurrent/Executor;Ljava/util/function/Consumer;Ljdk/internal/net/http/common/SSLTube$SSLSubscriberWrapper;Ljdk/internal/net/http/common/FlowTube;)V+14 java.net.http@17.0.10
j  jdk.internal.net.http.common.SSLTube.<init>(Ljavax/net/ssl/SSLEngine;Ljava/util/concurrent/Executor;Ljava/util/function/Consumer;Ljdk/internal/net/http/common/FlowTube;)V+97 java.net.http@17.0.10
j  jdk.internal.net.http.AsyncSSLConnection.lambda$connectAsync$0(Ljava/lang/Void;)Ljava/lang/Void;+40 java.net.http@17.0.10
j  jdk.internal.net.http.AsyncSSLConnection$$Lambda$103+0x0000000800122528.apply(Ljava/lang/Object;)Ljava/lang/Object;+8 java.net.http@17.0.10
j  java.util.concurrent.CompletableFuture$UniApply.tryFire(I)Ljava/util/concurrent/CompletableFuture;+106 java.base@17.0.10
j  java.util.concurrent.CompletableFuture.postComplete()V+76 java.base@17.0.10
j  java.util.concurrent.CompletableFuture$AsyncSupply.run()V+57 java.base@17.0.10
j  java.util.concurrent.ThreadPoolExecutor.runWorker(Ljava/util/concurrent/ThreadPoolExecutor$Worker;)V+92 java.base@17.0.10
j  java.util.concurrent.ThreadPoolExecutor$Worker.run()V+5 java.base@17.0.10
j  java.lang.Thread.run()V+11 java.base@17.0.10
v  ~StubRoutines::call_stub
new  187 new  [0x000002858c01b560, 0x000002858c01b780]  544 bytes
[MachCode]
  0x000002858c01b560: 4883 ec08 | c5fa 1104 | 24eb 1f48 | 83ec 10c5 | fb11 0424 | eb14 4883 | ec10 4889 | 0424 48c7 
  0x000002858c01b580: 4424 0800 | 0000 00eb | 0150 410f | b755 010f | cac1 ea10 | 488b 4de8 | 488b 4908 | 488b 4908 
  0x000002858c01b5a0: 488b 4108 | 807c 1004 | 070f 85df | 0000 0066 | 8b54 d148 | 488b 4928 | 488b 4cd1 | 0851 80b9 
  0x000002858c01b5c0: 5b01 0000 | 040f 85c2 | 0000 008b | 5108 f7c2 | 0100 0000 | 0f85 b300 | 0000 498b | 8708 0100 
  0x000002858c01b5e0: 0048 8d1c | 1049 3b9f | 1801 0000 | 0f87 9b00 | 0000 4989 | 9f08 0100 | 00e9 0000 | 0000 4883 
  0x000002858c01b600: ea10 0f84 | 0f00 0000 | 33c9 c1ea | 0348 894c | d008 48ff | ca75 f648 | c700 0100 | 0000 5933 
  0x000002858c01b620: f689 700c | 49ba 0000 | 0000 0800 | 0000 492b | ca89 4808 | 49ba e929 | dfd3 f87f | 0000 4180 
  0x000002858c01b640: 3a00 0f84 | 4000 0000 | 5048 8bc8 | 4883 ec20 | f7c4 0f00 | 0000 0f84 | 1a00 0000 | 4883 ec08 
  0x000002858c01b660: 49ba 20e2 | 94d3 f87f | 0000 41ff | d248 83c4 | 08e9 0d00 | 0000 49ba | 20e2 94d3 | f87f 0000 
  0x000002858c01b680: 41ff d248 | 83c4 2058 | e9cd 0000 | 0059 488b | 55e8 488b | 5208 488b | 5208 450f | b745 0141 
  0x000002858c01b6a0: 0fc8 41c1 | e810 e805 | 0000 00e9 | aa00 0000 | 488d 4424 | 084c 896d | c049 8bcf | c5f8 7749 
  0x000002858c01b6c0: 89af a802 | 0000 4989 | 8798 0200 | 0048 83ec | 20f7 c40f | 0000 000f | 841a 0000 | 0048 83ec 
  0x000002858c01b6e0: 0849 ba00 | 625e d3f8 | 7f00 0041 | ffd2 4883 | c408 e90d | 0000 0049 | ba00 625e | d3f8 7f00 
  0x000002858c01b700: 0041 ffd2 | 4883 c420 | 49c7 8798 | 0200 0000 | 0000 0049 | c787 a802 | 0000 0000 | 0000 49c7 
  0x000002858c01b720: 87a0 0200 | 0000 0000 | 00c5 f877 | 4981 7f08 | 0000 0000 | 0f84 0500 | 0000 e9c1 | 57fe ff49 
  0x000002858c01b740: 8b87 f002 | 0000 49c7 | 87f0 0200 | 0000 0000 | 004c 8b6d | c04c 8b75 | c8c3 410f | b65d 0349 
  0x000002858c01b760: 83c5 0349 | bac0 96e1 | d3f8 7f00 | 0041 ff24 | da0f 1f80 | 0000 0000 | 0000 0000 | 0000 0000 
[/MachCode]

---------------  P R O C E S S  ---------------

Threads class SMR info:
_java_thread_list=0x00000285a42e4080, length=15, elements={
0x00000285ff547e10, 0x000002859f58dbc0, 0x000002859f58f5b0, 0x000002859f5a45d0,
0x000002859f5a6fb0, 0x000002859f5a7d80, 0x000002859f614000, 0x000002859f615770,
0x000002859f616170, 0x000002859f6196f0, 0x000002859f79cef0, 0x000002859f7a3e30,
0x00000285a425ad20, 0x00000285a42b7120, 0x00000285a42dff20
}

Java Threads: ( => current thread )
  0x00000285ff547e10 JavaThread "main" [_thread_blocked, id=3736, stack(0x000000e32ee00000,0x000000e32ef00000)]
  0x000002859f58dbc0 JavaThread "Reference Handler" daemon [_thread_blocked, id=15364, stack(0x000000e32f500000,0x000000e32f600000)]
  0x000002859f58f5b0 JavaThread "Finalizer" daemon [_thread_blocked, id=14000, stack(0x000000e32f600000,0x000000e32f700000)]
  0x000002859f5a45d0 JavaThread "Signal Dispatcher" daemon [_thread_blocked, id=6444, stack(0x000000e32f700000,0x000000e32f800000)]
  0x000002859f5a6fb0 JavaThread "Attach Listener" daemon [_thread_blocked, id=11676, stack(0x000000e32f800000,0x000000e32f900000)]
  0x000002859f5a7d80 JavaThread "Service Thread" daemon [_thread_blocked, id=6448, stack(0x000000e32f900000,0x000000e32fa00000)]
  0x000002859f614000 JavaThread "Monitor Deflation Thread" daemon [_thread_blocked, id=17680, stack(0x000000e32fa00000,0x000000e32fb00000)]
  0x000002859f615770 JavaThread "C2 CompilerThread0" daemon [_thread_blocked, id=14932, stack(0x000000e32fb00000,0x000000e32fc00000)]
  0x000002859f616170 JavaThread "C1 CompilerThread0" daemon [_thread_blocked, id=8592, stack(0x000000e32fc00000,0x000000e32fd00000)]
  0x000002859f6196f0 JavaThread "Sweeper thread" daemon [_thread_blocked, id=17844, stack(0x000000e32fd00000,0x000000e32fe00000)]
  0x000002859f79cef0 JavaThread "Notification Thread" daemon [_thread_blocked, id=9860, stack(0x000000e32fe00000,0x000000e32ff00000)]
  0x000002859f7a3e30 JavaThread "Common-Cleaner" daemon [_thread_blocked, id=10216, stack(0x000000e330000000,0x000000e330100000)]
  0x00000285a425ad20 JavaThread "HttpClient-1-SelectorManager" daemon [_thread_in_native, id=9188, stack(0x000000e330100000,0x000000e330200000)]
=>0x00000285a42b7120 JavaThread "HttpClient-1-Worker-0" daemon [_thread_in_vm, id=21716, stack(0x000000e330300000,0x000000e330400000)]
  0x00000285a42dff20 JavaThread "HttpClient-1-Worker-1" daemon [_thread_blocked, id=5712, stack(0x000000e330400000,0x000000e330500000)]

Other Threads:
  0x000002859f5ba320 VMThread "VM Thread" [stack: 0x000000e32f400000,0x000000e32f500000] [id=23376]
  0x000002859f6f0080 WatcherThread [stack: 0x000000e32ff00000,0x000000e330000000] [id=22100]
  0x00000285ff5ad970 GCTaskThread "GC Thread#0" [stack: 0x000000e32ef00000,0x000000e32f000000] [id=21644]
  0x00000285ff5be350 ConcurrentGCThread "G1 Main Marker" [stack: 0x000000e32f000000,0x000000e32f100000] [id=7016]
  0x00000285ff5beec0 ConcurrentGCThread "G1 Conc#0" [stack: 0x000000e32f100000,0x000000e32f200000] [id=8668]
  0x00000285ffd09880 ConcurrentGCThread "G1 Refine#0" [stack: 0x000000e32f200000,0x000000e32f300000] [id=8168]
  0x00000285ffd0a2b0 ConcurrentGCThread "G1 Service" [stack: 0x000000e32f300000,0x000000e32f400000] [id=18992]

Threads with active compile tasks:

VM state: not at safepoint (normal execution)

VM Mutex/Monitor currently owned by a thread:  ([mutex/lock_event])
[0x00000285ff543bb0] Metaspace_lock - owner thread: 0x00000285a42b7120

Heap address: 0x0000000705600000, size: 4010 MB, Compressed Oops mode: Zero based, Oop shift amount: 3

CDS archive(s) not mapped
Compressed class space mapped at: 0x0000000800000000-0x0000000840000000, reserved size: 1073741824
Narrow klass base: 0x0000000800000000, Narrow klass shift: 0, Narrow klass range: 0x40000000

GC Precious Log:
 CPUs: 8 total, 8 available
 Memory: 16038M
 Large Page Support: Disabled
 NUMA Support: Disabled
 Compressed Oops: Enabled (Zero based)
 Heap Region Size: 2M
 Heap Min Capacity: 8M
 Heap Initial Capacity: 252M
 Heap Max Capacity: 4010M
 Pre-touch: Disabled
 Parallel Workers: 8
 Concurrent Workers: 2
 Concurrent Refinement Workers: 8
 Periodic GC: Disabled

Heap:
 garbage-first heap   total 258048K, used 10240K [0x0000000705600000, 0x0000000800000000)
  region size 2048K, 6 young (12288K), 0 survivors (0K)
 Metaspace       used 14301K, committed 14464K, reserved 1114112K
  class space    used 1449K, committed 1536K, reserved 1048576K

Heap Regions: E=young(eden), S=young(survivor), O=old, HS=humongous(starts), HC=humongous(continues), CS=collection set, F=free, OA=open archive, CA=closed archive, TAMS=top-at-mark-start (previous, next)
|   0|0x0000000705600000, 0x0000000705600000, 0x0000000705800000|  0%| F|  |TAMS 0x0000000705600000, 0x0000000705600000| Untracked 
|   1|0x0000000705800000, 0x0000000705800000, 0x0000000705a00000|  0%| F|  |TAMS 0x0000000705800000, 0x0000000705800000| Untracked 
|   2|0x0000000705a00000, 0x0000000705a00000, 0x0000000705c00000|  0%| F|  |TAMS 0x0000000705a00000, 0x0000000705a00000| Untracked 
|   3|0x0000000705c00000, 0x0000000705c00000, 0x0000000705e00000|  0%| F|  |TAMS 0x0000000705c00000, 0x0000000705c00000| Untracked 
|   4|0x0000000705e00000, 0x0000000705e00000, 0x0000000706000000|  0%| F|  |TAMS 0x0000000705e00000, 0x0000000705e00000| Untracked 
|   5|0x0000000706000000, 0x0000000706000000, 0x0000000706200000|  0%| F|  |TAMS 0x0000000706000000, 0x0000000706000000| Untracked 
|   6|0x0000000706200000, 0x0000000706200000, 0x0000000706400000|  0%| F|  |TAMS 0x0000000706200000, 0x0000000706200000| Untracked 
|   7|0x0000000706400000, 0x0000000706400000, 0x0000000706600000|  0%| F|  |TAMS 0x0000000706400000, 0x0000000706400000| Untracked 
|   8|0x0000000706600000, 0x0000000706600000, 0x0000000706800000|  0%| F|  |TAMS 0x0000000706600000, 0x0000000706600000| Untracked 
|   9|0x0000000706800000, 0x0000000706800000, 0x0000000706a00000|  0%| F|  |TAMS 0x0000000706800000, 0x0000000706800000| Untracked 
|  10|0x0000000706a00000, 0x0000000706a00000, 0x0000000706c00000|  0%| F|  |TAMS 0x0000000706a00000, 0x0000000706a00000| Untracked 
|  11|0x0000000706c00000, 0x0000000706c00000, 0x0000000706e00000|  0%| F|  |TAMS 0x0000000706c00000, 0x0000000706c00000| Untracked 
|  12|0x0000000706e00000, 0x0000000706e00000, 0x0000000707000000|  0%| F|  |TAMS 0x0000000706e00000, 0x0000000706e00000| Untracked 
|  13|0x0000000707000000, 0x0000000707000000, 0x0000000707200000|  0%| F|  |TAMS 0x0000000707000000, 0x0000000707000000| Untracked 
|  14|0x0000000707200000, 0x0000000707200000, 0x0000000707400000|  0%| F|  |TAMS 0x0000000707200000, 0x0000000707200000| Untracked 
|  15|0x0000000707400000, 0x0000000707400000, 0x0000000707600000|  0%| F|  |TAMS 0x0000000707400000, 0x0000000707400000| Untracked 
|  16|0x0000000707600000, 0x0000000707600000, 0x0000000707800000|  0%| F|  |TAMS 0x0000000707600000, 0x0000000707600000| Untracked 
|  17|0x0000000707800000, 0x0000000707800000, 0x0000000707a00000|  0%| F|  |TAMS 0x0000000707800000, 0x0000000707800000| Untracked 
|  18|0x0000000707a00000, 0x0000000707a00000, 0x0000000707c00000|  0%| F|  |TAMS 0x0000000707a00000, 0x0000000707a00000| Untracked 
|  19|0x0000000707c00000, 0x0000000707c00000, 0x0000000707e00000|  0%| F|  |TAMS 0x0000000707c00000, 0x0000000707c00000| Untracked 
|  20|0x0000000707e00000, 0x0000000707e00000, 0x0000000708000000|  0%| F|  |TAMS 0x0000000707e00000, 0x0000000707e00000| Untracked 
|  21|0x0000000708000000, 0x0000000708000000, 0x0000000708200000|  0%| F|  |TAMS 0x0000000708000000, 0x0000000708000000| Untracked 
|  22|0x0000000708200000, 0x0000000708200000, 0x0000000708400000|  0%| F|  |TAMS 0x0000000708200000, 0x0000000708200000| Untracked 
|  23|0x0000000708400000, 0x0000000708400000, 0x0000000708600000|  0%| F|  |TAMS 0x0000000708400000, 0x0000000708400000| Untracked 
|  24|0x0000000708600000, 0x0000000708600000, 0x0000000708800000|  0%| F|  |TAMS 0x0000000708600000, 0x0000000708600000| Untracked 
|  25|0x0000000708800000, 0x0000000708800000, 0x0000000708a00000|  0%| F|  |TAMS 0x0000000708800000, 0x0000000708800000| Untracked 
|  26|0x0000000708a00000, 0x0000000708a00000, 0x0000000708c00000|  0%| F|  |TAMS 0x0000000708a00000, 0x0000000708a00000| Untracked 
|  27|0x0000000708c00000, 0x0000000708c00000, 0x0000000708e00000|  0%| F|  |TAMS 0x0000000708c00000, 0x0000000708c00000| Untracked 
|  28|0x0000000708e00000, 0x0000000708e00000, 0x0000000709000000|  0%| F|  |TAMS 0x0000000708e00000, 0x0000000708e00000| Untracked 
|  29|0x0000000709000000, 0x0000000709000000, 0x0000000709200000|  0%| F|  |TAMS 0x0000000709000000, 0x0000000709000000| Untracked 
|  30|0x0000000709200000, 0x0000000709200000, 0x0000000709400000|  0%| F|  |TAMS 0x0000000709200000, 0x0000000709200000| Untracked 
|  31|0x0000000709400000, 0x0000000709400000, 0x0000000709600000|  0%| F|  |TAMS 0x0000000709400000, 0x0000000709400000| Untracked 
|  32|0x0000000709600000, 0x0000000709600000, 0x0000000709800000|  0%| F|  |TAMS 0x0000000709600000, 0x0000000709600000| Untracked 
|  33|0x0000000709800000, 0x0000000709800000, 0x0000000709a00000|  0%| F|  |TAMS 0x0000000709800000, 0x0000000709800000| Untracked 
|  34|0x0000000709a00000, 0x0000000709a00000, 0x0000000709c00000|  0%| F|  |TAMS 0x0000000709a00000, 0x0000000709a00000| Untracked 
|  35|0x0000000709c00000, 0x0000000709c00000, 0x0000000709e00000|  0%| F|  |TAMS 0x0000000709c00000, 0x0000000709c00000| Untracked 
|  36|0x0000000709e00000, 0x0000000709e00000, 0x000000070a000000|  0%| F|  |TAMS 0x0000000709e00000, 0x0000000709e00000| Untracked 
|  37|0x000000070a000000, 0x000000070a000000, 0x000000070a200000|  0%| F|  |TAMS 0x000000070a000000, 0x000000070a000000| Untracked 
|  38|0x000000070a200000, 0x000000070a200000, 0x000000070a400000|  0%| F|  |TAMS 0x000000070a200000, 0x000000070a200000| Untracked 
|  39|0x000000070a400000, 0x000000070a400000, 0x000000070a600000|  0%| F|  |TAMS 0x000000070a400000, 0x000000070a400000| Untracked 
|  40|0x000000070a600000, 0x000000070a600000, 0x000000070a800000|  0%| F|  |TAMS 0x000000070a600000, 0x000000070a600000| Untracked 
|  41|0x000000070a800000, 0x000000070a800000, 0x000000070aa00000|  0%| F|  |TAMS 0x000000070a800000, 0x000000070a800000| Untracked 
|  42|0x000000070aa00000, 0x000000070aa00000, 0x000000070ac00000|  0%| F|  |TAMS 0x000000070aa00000, 0x000000070aa00000| Untracked 
|  43|0x000000070ac00000, 0x000000070ac00000, 0x000000070ae00000|  0%| F|  |TAMS 0x000000070ac00000, 0x000000070ac00000| Untracked 
|  44|0x000000070ae00000, 0x000000070ae00000, 0x000000070b000000|  0%| F|  |TAMS 0x000000070ae00000, 0x000000070ae00000| Untracked 
|  45|0x000000070b000000, 0x000000070b000000, 0x000000070b200000|  0%| F|  |TAMS 0x000000070b000000, 0x000000070b000000| Untracked 
|  46|0x000000070b200000, 0x000000070b200000, 0x000000070b400000|  0%| F|  |TAMS 0x000000070b200000, 0x000000070b200000| Untracked 
|  47|0x000000070b400000, 0x000000070b400000, 0x000000070b600000|  0%| F|  |TAMS 0x000000070b400000, 0x000000070b400000| Untracked 
|  48|0x000000070b600000, 0x000000070b600000, 0x000000070b800000|  0%| F|  |TAMS 0x000000070b600000, 0x000000070b600000| Untracked 
|  49|0x000000070b800000, 0x000000070b800000, 0x000000070ba00000|  0%| F|  |TAMS 0x000000070b800000, 0x000000070b800000| Untracked 
|  50|0x000000070ba00000, 0x000000070ba00000, 0x000000070bc00000|  0%| F|  |TAMS 0x000000070ba00000, 0x000000070ba00000| Untracked 
|  51|0x000000070bc00000, 0x000000070bc00000, 0x000000070be00000|  0%| F|  |TAMS 0x000000070bc00000, 0x000000070bc00000| Untracked 
|  52|0x000000070be00000, 0x000000070be00000, 0x000000070c000000|  0%| F|  |TAMS 0x000000070be00000, 0x000000070be00000| Untracked 
|  53|0x000000070c000000, 0x000000070c000000, 0x000000070c200000|  0%| F|  |TAMS 0x000000070c000000, 0x000000070c000000| Untracked 
|  54|0x000000070c200000, 0x000000070c200000, 0x000000070c400000|  0%| F|  |TAMS 0x000000070c200000, 0x000000070c200000| Untracked 
|  55|0x000000070c400000, 0x000000070c400000, 0x000000070c600000|  0%| F|  |TAMS 0x000000070c400000, 0x000000070c400000| Untracked 
|  56|0x000000070c600000, 0x000000070c600000, 0x000000070c800000|  0%| F|  |TAMS 0x000000070c600000, 0x000000070c600000| Untracked 
|  57|0x000000070c800000, 0x000000070c800000, 0x000000070ca00000|  0%| F|  |TAMS 0x000000070c800000, 0x000000070c800000| Untracked 
|  58|0x000000070ca00000, 0x000000070ca00000, 0x000000070cc00000|  0%| F|  |TAMS 0x000000070ca00000, 0x000000070ca00000| Untracked 
|  59|0x000000070cc00000, 0x000000070cc00000, 0x000000070ce00000|  0%| F|  |TAMS 0x000000070cc00000, 0x000000070cc00000| Untracked 
|  60|0x000000070ce00000, 0x000000070ce00000, 0x000000070d000000|  0%| F|  |TAMS 0x000000070ce00000, 0x000000070ce00000| Untracked 
|  61|0x000000070d000000, 0x000000070d000000, 0x000000070d200000|  0%| F|  |TAMS 0x000000070d000000, 0x000000070d000000| Untracked 
|  62|0x000000070d200000, 0x000000070d200000, 0x000000070d400000|  0%| F|  |TAMS 0x000000070d200000, 0x000000070d200000| Untracked 
|  63|0x000000070d400000, 0x000000070d400000, 0x000000070d600000|  0%| F|  |TAMS 0x000000070d400000, 0x000000070d400000| Untracked 
|  64|0x000000070d600000, 0x000000070d600000, 0x000000070d800000|  0%| F|  |TAMS 0x000000070d600000, 0x000000070d600000| Untracked 
|  65|0x000000070d800000, 0x000000070d800000, 0x000000070da00000|  0%| F|  |TAMS 0x000000070d800000, 0x000000070d800000| Untracked 
|  66|0x000000070da00000, 0x000000070da00000, 0x000000070dc00000|  0%| F|  |TAMS 0x000000070da00000, 0x000000070da00000| Untracked 
|  67|0x000000070dc00000, 0x000000070dc00000, 0x000000070de00000|  0%| F|  |TAMS 0x000000070dc00000, 0x000000070dc00000| Untracked 
|  68|0x000000070de00000, 0x000000070de00000, 0x000000070e000000|  0%| F|  |TAMS 0x000000070de00000, 0x000000070de00000| Untracked 
|  69|0x000000070e000000, 0x000000070e000000, 0x000000070e200000|  0%| F|  |TAMS 0x000000070e000000, 0x000000070e000000| Untracked 
|  70|0x000000070e200000, 0x000000070e200000, 0x000000070e400000|  0%| F|  |TAMS 0x000000070e200000, 0x000000070e200000| Untracked 
|  71|0x000000070e400000, 0x000000070e400000, 0x000000070e600000|  0%| F|  |TAMS 0x000000070e400000, 0x000000070e400000| Untracked 
|  72|0x000000070e600000, 0x000000070e600000, 0x000000070e800000|  0%| F|  |TAMS 0x000000070e600000, 0x000000070e600000| Untracked 
|  73|0x000000070e800000, 0x000000070e800000, 0x000000070ea00000|  0%| F|  |TAMS 0x000000070e800000, 0x000000070e800000| Untracked 
|  74|0x000000070ea00000, 0x000000070ea00000, 0x000000070ec00000|  0%| F|  |TAMS 0x000000070ea00000, 0x000000070ea00000| Untracked 
|  75|0x000000070ec00000, 0x000000070ec00000, 0x000000070ee00000|  0%| F|  |TAMS 0x000000070ec00000, 0x000000070ec00000| Untracked 
|  76|0x000000070ee00000, 0x000000070ee00000, 0x000000070f000000|  0%| F|  |TAMS 0x000000070ee00000, 0x000000070ee00000| Untracked 
|  77|0x000000070f000000, 0x000000070f000000, 0x000000070f200000|  0%| F|  |TAMS 0x000000070f000000, 0x000000070f000000| Untracked 
|  78|0x000000070f200000, 0x000000070f200000, 0x000000070f400000|  0%| F|  |TAMS 0x000000070f200000, 0x000000070f200000| Untracked 
|  79|0x000000070f400000, 0x000000070f400000, 0x000000070f600000|  0%| F|  |TAMS 0x000000070f400000, 0x000000070f400000| Untracked 
|  80|0x000000070f600000, 0x000000070f600000, 0x000000070f800000|  0%| F|  |TAMS 0x000000070f600000, 0x000000070f600000| Untracked 
|  81|0x000000070f800000, 0x000000070f800000, 0x000000070fa00000|  0%| F|  |TAMS 0x000000070f800000, 0x000000070f800000| Untracked 
|  82|0x000000070fa00000, 0x000000070fa00000, 0x000000070fc00000|  0%| F|  |TAMS 0x000000070fa00000, 0x000000070fa00000| Untracked 
|  83|0x000000070fc00000, 0x000000070fc00000, 0x000000070fe00000|  0%| F|  |TAMS 0x000000070fc00000, 0x000000070fc00000| Untracked 
|  84|0x000000070fe00000, 0x000000070fe00000, 0x0000000710000000|  0%| F|  |TAMS 0x000000070fe00000, 0x000000070fe00000| Untracked 
|  85|0x0000000710000000, 0x0000000710000000, 0x0000000710200000|  0%| F|  |TAMS 0x0000000710000000, 0x0000000710000000| Untracked 
|  86|0x0000000710200000, 0x0000000710200000, 0x0000000710400000|  0%| F|  |TAMS 0x0000000710200000, 0x0000000710200000| Untracked 
|  87|0x0000000710400000, 0x0000000710400000, 0x0000000710600000|  0%| F|  |TAMS 0x0000000710400000, 0x0000000710400000| Untracked 
|  88|0x0000000710600000, 0x0000000710600000, 0x0000000710800000|  0%| F|  |TAMS 0x0000000710600000, 0x0000000710600000| Untracked 
|  89|0x0000000710800000, 0x0000000710800000, 0x0000000710a00000|  0%| F|  |TAMS 0x0000000710800000, 0x0000000710800000| Untracked 
|  90|0x0000000710a00000, 0x0000000710a00000, 0x0000000710c00000|  0%| F|  |TAMS 0x0000000710a00000, 0x0000000710a00000| Untracked 
|  91|0x0000000710c00000, 0x0000000710c00000, 0x0000000710e00000|  0%| F|  |TAMS 0x0000000710c00000, 0x0000000710c00000| Untracked 
|  92|0x0000000710e00000, 0x0000000710e00000, 0x0000000711000000|  0%| F|  |TAMS 0x0000000710e00000, 0x0000000710e00000| Untracked 
|  93|0x0000000711000000, 0x0000000711000000, 0x0000000711200000|  0%| F|  |TAMS 0x0000000711000000, 0x0000000711000000| Untracked 
|  94|0x0000000711200000, 0x0000000711200000, 0x0000000711400000|  0%| F|  |TAMS 0x0000000711200000, 0x0000000711200000| Untracked 
|  95|0x0000000711400000, 0x0000000711400000, 0x0000000711600000|  0%| F|  |TAMS 0x0000000711400000, 0x0000000711400000| Untracked 
|  96|0x0000000711600000, 0x0000000711600000, 0x0000000711800000|  0%| F|  |TAMS 0x0000000711600000, 0x0000000711600000| Untracked 
|  97|0x0000000711800000, 0x0000000711800000, 0x0000000711a00000|  0%| F|  |TAMS 0x0000000711800000, 0x0000000711800000| Untracked 
|  98|0x0000000711a00000, 0x0000000711a00000, 0x0000000711c00000|  0%| F|  |TAMS 0x0000000711a00000, 0x0000000711a00000| Untracked 
|  99|0x0000000711c00000, 0x0000000711c00000, 0x0000000711e00000|  0%| F|  |TAMS 0x0000000711c00000, 0x0000000711c00000| Untracked 
| 100|0x0000000711e00000, 0x0000000711e00000, 0x0000000712000000|  0%| F|  |TAMS 0x0000000711e00000, 0x0000000711e00000| Untracked 
| 101|0x0000000712000000, 0x0000000712000000, 0x0000000712200000|  0%| F|  |TAMS 0x0000000712000000, 0x0000000712000000| Untracked 
| 102|0x0000000712200000, 0x0000000712200000, 0x0000000712400000|  0%| F|  |TAMS 0x0000000712200000, 0x0000000712200000| Untracked 
| 103|0x0000000712400000, 0x0000000712400000, 0x0000000712600000|  0%| F|  |TAMS 0x0000000712400000, 0x0000000712400000| Untracked 
| 104|0x0000000712600000, 0x0000000712600000, 0x0000000712800000|  0%| F|  |TAMS 0x0000000712600000, 0x0000000712600000| Untracked 
| 105|0x0000000712800000, 0x0000000712800000, 0x0000000712a00000|  0%| F|  |TAMS 0x0000000712800000, 0x0000000712800000| Untracked 
| 106|0x0000000712a00000, 0x0000000712a00000, 0x0000000712c00000|  0%| F|  |TAMS 0x0000000712a00000, 0x0000000712a00000| Untracked 
| 107|0x0000000712c00000, 0x0000000712c00000, 0x0000000712e00000|  0%| F|  |TAMS 0x0000000712c00000, 0x0000000712c00000| Untracked 
| 108|0x0000000712e00000, 0x0000000712e00000, 0x0000000713000000|  0%| F|  |TAMS 0x0000000712e00000, 0x0000000712e00000| Untracked 
| 109|0x0000000713000000, 0x0000000713000000, 0x0000000713200000|  0%| F|  |TAMS 0x0000000713000000, 0x0000000713000000| Untracked 
| 110|0x0000000713200000, 0x0000000713200000, 0x0000000713400000|  0%| F|  |TAMS 0x0000000713200000, 0x0000000713200000| Untracked 
| 111|0x0000000713400000, 0x0000000713400000, 0x0000000713600000|  0%| F|  |TAMS 0x0000000713400000, 0x0000000713400000| Untracked 
| 112|0x0000000713600000, 0x0000000713600000, 0x0000000713800000|  0%| F|  |TAMS 0x0000000713600000, 0x0000000713600000| Untracked 
| 113|0x0000000713800000, 0x0000000713800000, 0x0000000713a00000|  0%| F|  |TAMS 0x0000000713800000, 0x0000000713800000| Untracked 
| 114|0x0000000713a00000, 0x0000000713a00000, 0x0000000713c00000|  0%| F|  |TAMS 0x0000000713a00000, 0x0000000713a00000| Untracked 
| 115|0x0000000713c00000, 0x0000000713c00000, 0x0000000713e00000|  0%| F|  |TAMS 0x0000000713c00000, 0x0000000713c00000| Untracked 
| 116|0x0000000713e00000, 0x0000000713e00000, 0x0000000714000000|  0%| F|  |TAMS 0x0000000713e00000, 0x0000000713e00000| Untracked 
| 117|0x0000000714000000, 0x0000000714000000, 0x0000000714200000|  0%| F|  |TAMS 0x0000000714000000, 0x0000000714000000| Untracked 
| 118|0x0000000714200000, 0x0000000714200000, 0x0000000714400000|  0%| F|  |TAMS 0x0000000714200000, 0x0000000714200000| Untracked 
| 119|0x0000000714400000, 0x0000000714400000, 0x0000000714600000|  0%| F|  |TAMS 0x0000000714400000, 0x0000000714400000| Untracked 
| 120|0x0000000714600000, 0x0000000714800000, 0x0000000714800000|100%| E|  |TAMS 0x0000000714600000, 0x0000000714600000| Complete 
| 121|0x0000000714800000, 0x0000000714a00000, 0x0000000714a00000|100%| E|CS|TAMS 0x0000000714800000, 0x0000000714800000| Complete 
| 122|0x0000000714a00000, 0x0000000714c00000, 0x0000000714c00000|100%| E|CS|TAMS 0x0000000714a00000, 0x0000000714a00000| Complete 
| 123|0x0000000714c00000, 0x0000000714e00000, 0x0000000714e00000|100%| E|CS|TAMS 0x0000000714c00000, 0x0000000714c00000| Complete 
| 124|0x0000000714e00000, 0x0000000715000000, 0x0000000715000000|100%| E|CS|TAMS 0x0000000714e00000, 0x0000000714e00000| Complete 
| 125|0x0000000715000000, 0x0000000715200000, 0x0000000715200000|100%| E|CS|TAMS 0x0000000715000000, 0x0000000715000000| Complete 

Card table byte_map: [0x00000285942b0000,0x0000028594a90000] _byte_map_base: 0x0000028590a85000

Marking Bits (Prev, Next): (CMBitMap*) 0x00000285ff5adf90, (CMBitMap*) 0x00000285ff5adfd0
 Prev Bits: [0x0000028595270000, 0x0000028599118000)
 Next Bits: [0x0000028599120000, 0x000002859cfc8000)

Polling page: 0x00000285fecd0000

Metaspace:

Usage:
  Non-class:     12.55 MB used.
      Class:      1.42 MB used.
       Both:     13.97 MB used.

Virtual space:
  Non-class space:       64.00 MB reserved,      12.62 MB ( 20%) committed,  1 nodes.
      Class space:        1.00 GB reserved,       1.50 MB ( <1%) committed,  1 nodes.
             Both:        1.06 GB reserved,      14.12 MB (  1%) committed. 

Chunk freelists:
   Non-Class:  2.53 MB
       Class:  14.50 MB
        Both:  17.03 MB

MaxMetaspaceSize: unlimited
CompressedClassSpaceSize: 1.00 GB
Initial GC threshold: 21.00 MB
Current GC threshold: 21.00 MB
CDS: off
MetaspaceReclaimPolicy: balanced
 - commit_granule_bytes: 65536.
 - commit_granule_words: 8192.
 - virtual_space_node_default_size: 8388608.
 - enlarge_chunks_in_place: 1.
 - new_chunks_are_fully_committed: 0.
 - uncommit_free_chunks: 1.
 - use_allocation_guard: 0.
 - handle_deallocations: 1.


Internal statistics:

num_allocs_failed_limit: 0.
num_arena_births: 120.
num_arena_deaths: 0.
num_vsnodes_births: 2.
num_vsnodes_deaths: 0.
num_space_committed: 226.
num_space_uncommitted: 0.
num_chunks_returned_to_freelist: 0.
num_chunks_taken_from_freelist: 243.
num_chunk_merges: 0.
num_chunk_splits: 136.
num_chunks_enlarged: 88.
num_inconsistent_stats: 0.

CodeHeap 'non-profiled nmethods': size=120000Kb used=260Kb max_used=260Kb free=119739Kb
 bounds [0x000002858c5a0000, 0x000002858c810000, 0x0000028593ad0000]
CodeHeap 'profiled nmethods': size=120000Kb used=1311Kb max_used=1311Kb free=118689Kb
 bounds [0x0000028584ad0000, 0x0000028584d40000, 0x000002858c000000]
CodeHeap 'non-nmethods': size=5760Kb used=1178Kb max_used=1192Kb free=4581Kb
 bounds [0x000002858c000000, 0x000002858c270000, 0x000002858c5a0000]
 total_blobs=1356 nmethods=883 adapters=386
 compilation: enabled
              stopped_count=0, restarted_count=0
 full_count=0

Compilation events (20 events):
Event: 0.356 Thread 0x000002859f616170  874       3       jdk.internal.org.objectweb.asm.MethodWriter::computeMethodInfoSize (571 bytes)
Event: 0.356 Thread 0x000002859f615770  878       4       jdk.internal.org.objectweb.asm.SymbolTable::put (150 bytes)
Event: 0.356 Thread 0x000002859f616170 nmethod 874 0x0000028584c12a10 code [0x0000028584c12d40, 0x0000028584c13d28]
Event: 0.356 Thread 0x000002859f616170  879       3       java.lang.AbstractStringBuilder::append (55 bytes)
Event: 0.356 Thread 0x000002859f616170 nmethod 879 0x0000028584c14390 code [0x0000028584c14560, 0x0000028584c14898]
Event: 0.356 Thread 0x000002859f616170  875       3       java.lang.invoke.DirectMethodHandle::preparedLambdaForm (244 bytes)
Event: 0.358 Thread 0x000002859f616170 nmethod 875 0x0000028584c14a10 code [0x0000028584c14d00, 0x0000028584c15cb8]
Event: 0.358 Thread 0x000002859f616170  876       3       java.lang.String::rangeCheck (9 bytes)
Event: 0.358 Thread 0x000002859f616170 nmethod 876 0x0000028584c16290 code [0x0000028584c16440, 0x0000028584c16568]
Event: 0.358 Thread 0x000002859f616170  877       3       java.lang.String::<init> (14 bytes)
Event: 0.358 Thread 0x000002859f616170 nmethod 877 0x0000028584c16610 code [0x0000028584c167c0, 0x0000028584c169d8]
Event: 0.358 Thread 0x000002859f616170  880       3       java.io.OutputStream::<init> (5 bytes)
Event: 0.358 Thread 0x000002859f616170 nmethod 880 0x0000028584c16b10 code [0x0000028584c16ca0, 0x0000028584c16df8]
Event: 0.358 Thread 0x000002859f616170  881       3       java.lang.Byte::<init> (10 bytes)
Event: 0.358 Thread 0x000002859f616170 nmethod 881 0x0000028584c16e90 code [0x0000028584c17040, 0x0000028584c17218]
Event: 0.358 Thread 0x000002859f615770 nmethod 878 0x000002858c5e0d10 code [0x000002858c5e0ea0, 0x000002858c5e1218]
Event: 0.358 Thread 0x000002859f616170  882       3       java.util.Collections$UnmodifiableCollection$1::hasNext (10 bytes)
Event: 0.358 Thread 0x000002859f616170 nmethod 882 0x0000028584c17310 code [0x0000028584c174c0, 0x0000028584c176a8]
Event: 0.358 Thread 0x000002859f616170  883       3       java.util.Collections$UnmodifiableCollection$1::next (10 bytes)
Event: 0.358 Thread 0x000002859f616170 nmethod 883 0x0000028584c17790 code [0x0000028584c17940, 0x0000028584c17b28]

GC Heap History (0 events):
No events

Dll operation events (1 events):
Event: 0.011 Loaded shared library C:\Program Files\JetBrains\PyCharm Community Edition 2023.3.2\jbr\bin\java.dll

Deoptimization events (6 events):
Event: 0.308 Thread 0x00000285ff547e10 Uncommon trap: trap_request=0xffffff45 fr.pc=0x000002858c5b701c relative=0x00000000000003fc
Event: 0.308 Thread 0x00000285ff547e10 Uncommon trap: reason=unstable_if action=reinterpret pc=0x000002858c5b701c method=java.lang.StringLatin1.newString([BII)Ljava/lang/String; @ 1 c2
Event: 0.308 Thread 0x00000285ff547e10 DEOPT PACKING pc=0x000002858c5b701c sp=0x000000e32eefeab0
Event: 0.308 Thread 0x00000285ff547e10 DEOPT UNPACKING pc=0x000002858c0569a3 sp=0x000000e32eefea78 mode 2
Event: 0.318 Thread 0x00000285ff547e10 DEOPT PACKING pc=0x0000028584aea667 sp=0x000000e32eefb150
Event: 0.318 Thread 0x00000285ff547e10 DEOPT UNPACKING pc=0x000002858c057143 sp=0x000000e32eefa570 mode 0

Classes unloaded (0 events):
No events

Classes redefined (0 events):
No events

Internal exceptions (20 events):
Event: 0.171 Thread 0x00000285ff547e10 Exception <a 'java/lang/NoSuchMethodError'{0x0000000714f3db30}: 'void java.lang.invoke.DirectMethodHandle$Holder.invokeStaticInit(java.lang.Object, java.lang.Object)'> (0x0000000714f3db30) 
thrown [s\src\hotspot\share\interpreter\linkResolver.cpp, line 771]
Event: 0.172 Thread 0x00000285ff547e10 Exception <a 'java/lang/NoSuchMethodError'{0x0000000714f443a8}: 'int java.lang.invoke.DirectMethodHandle$Holder.invokeStaticInit(java.lang.Object, java.lang.Object)'> (0x0000000714f443a8) 
thrown [s\src\hotspot\share\interpreter\linkResolver.cpp, line 771]
Event: 0.193 Thread 0x00000285ff547e10 Exception <a 'java/lang/NoSuchMethodError'{0x0000000714c2b708}: 'java.lang.Object java.lang.invoke.DirectMethodHandle$Holder.invokeStaticInit(java.lang.Object, int, int, int, int)'> (0x0000000714c2b708) 
thrown [s\src\hotspot\share\interpreter\linkResolver.cpp, line 771]
Event: 0.227 Thread 0x00000285ff547e10 Exception <a 'java/lang/NoSuchMethodError'{0x0000000714c95428}: 'java.lang.Object java.lang.invoke.DirectMethodHandle$Holder.invokeStaticInit(java.lang.Object, java.lang.Object, int, int, int, int)'> (0x0000000714c95428) 
thrown [s\src\hotspot\share\interpreter\linkResolver.cpp, line 771]
Event: 0.233 Thread 0x00000285ff547e10 Exception <a 'java/lang/NoSuchMethodError'{0x0000000714cfe4e8}: 'java.lang.Object java.lang.invoke.DirectMethodHandle$Holder.invokeStatic(java.lang.Object, java.lang.Object, int)'> (0x0000000714cfe4e8) 
thrown [s\src\hotspot\share\interpreter\linkResolver.cpp, line 771]
Event: 0.233 Thread 0x00000285ff547e10 Exception <a 'java/lang/NoSuchMethodError'{0x0000000714d01c60}: 'java.lang.Object java.lang.invoke.DirectMethodHandle$Holder.invokeStaticInit(java.lang.Object, java.lang.Object, int)'> (0x0000000714d01c60) 
thrown [s\src\hotspot\share\interpreter\linkResolver.cpp, line 771]
Event: 0.233 Thread 0x00000285ff547e10 Exception <a 'java/lang/NoSuchMethodError'{0x0000000714d08010}: 'java.lang.Object java.lang.invoke.DirectMethodHandle$Holder.newInvokeSpecial(java.lang.Object, java.lang.Object, int)'> (0x0000000714d08010) 
thrown [s\src\hotspot\share\interpreter\linkResolver.cpp, line 771]
Event: 0.235 Thread 0x00000285ff547e10 Exception <a 'java/lang/NoSuchMethodError'{0x0000000714d17958}: 'int java.lang.invoke.DirectMethodHandle$Holder.invokeStaticInit(java.lang.Object, java.lang.Object, java.lang.Object)'> (0x0000000714d17958) 
thrown [s\src\hotspot\share\interpreter\linkResolver.cpp, line 771]
Event: 0.237 Thread 0x00000285ff547e10 Exception <a 'java/lang/NoSuchMethodError'{0x0000000714d27b38}: 'int java.lang.invoke.DirectMethodHandle$Holder.invokeSpecial(java.lang.Object, java.lang.Object, java.lang.Object)'> (0x0000000714d27b38) 
thrown [s\src\hotspot\share\interpreter\linkResolver.cpp, line 771]
Event: 0.237 Thread 0x00000285ff547e10 Exception <a 'java/lang/NoSuchMethodError'{0x0000000714d2ff18}: 'int java.lang.invoke.DirectMethodHandle$Holder.invokeSpecialIFC(java.lang.Object, java.lang.Object, java.lang.Object)'> (0x0000000714d2ff18) 
thrown [s\src\hotspot\share\interpreter\linkResolver.cpp, line 771]
Event: 0.254 Thread 0x00000285ff547e10 Exception <a 'java/lang/NoSuchMethodError'{0x0000000714dbc2e0}: 'java.lang.Object java.lang.invoke.DirectMethodHandle$Holder.invokeStaticInit(java.lang.Object)'> (0x0000000714dbc2e0) 
thrown [s\src\hotspot\share\interpreter\linkResolver.cpp, line 771]
Event: 0.314 Thread 0x00000285ff547e10 Exception <a 'java/lang/NoSuchMethodError'{0x0000000714bf7eb8}: 'java.lang.Object java.lang.invoke.DirectMethodHandle$Holder.newInvokeSpecial(java.lang.Object, java.lang.Object, java.lang.Object, java.lang.Object, java.lang.Object)'> (0x0000000714bf7eb8) 
thrown [s\src\hotspot\share\interpreter\linkResolver.cpp, line 771]
Event: 0.332 Thread 0x00000285ff547e10 Exception <a 'java/lang/NoSuchMethodError'{0x0000000714985740}: 'java.lang.Object java.lang.invoke.DirectMethodHandle$Holder.invokeSpecial(java.lang.Object, java.lang.Object, java.lang.Object, java.lang.Object, int)'> (0x0000000714985740) 
thrown [s\src\hotspot\share\interpreter\linkResolver.cpp, line 771]
Event: 0.332 Thread 0x00000285ff547e10 Exception <a 'java/lang/NoSuchMethodError'{0x0000000714989308}: 'java.lang.Object java.lang.invoke.Invokers$Holder.linkToTargetMethod(java.lang.Object, java.lang.Object, int, java.lang.Object)'> (0x0000000714989308) 
thrown [s\src\hotspot\share\interpreter\linkResolver.cpp, line 771]
Event: 0.337 Thread 0x00000285ff547e10 Exception <a 'java/lang/NoSuchMethodError'{0x00000007149e9190}: 'void java.lang.invoke.DirectMethodHandle$Holder.invokeSpecial(java.lang.Object, java.lang.Object, java.lang.Object)'> (0x00000007149e9190) 
thrown [s\src\hotspot\share\interpreter\linkResolver.cpp, line 771]
Event: 0.345 Thread 0x00000285a425ad20 Exception <a 'java/lang/NoSuchMethodError'{0x0000000714b75078}: 'void java.lang.invoke.DirectMethodHandle$Holder.invokeStatic(java.lang.Object, java.lang.Object, int)'> (0x0000000714b75078) 
thrown [s\src\hotspot\share\interpreter\linkResolver.cpp, line 771]
Event: 0.345 Thread 0x00000285ff547e10 Exception <a 'java/lang/NoSuchMethodError'{0x0000000714670b20}: 'void java.lang.invoke.DirectMethodHandle$Holder.invokeSpecial(java.lang.Object, java.lang.Object, java.lang.Object, java.lang.Object, java.lang.Object)'> (0x0000000714670b20) 
thrown [s\src\hotspot\share\interpreter\linkResolver.cpp, line 771]
Event: 0.349 Thread 0x00000285a42b7120 Exception <a 'java/lang/NoSuchMethodError'{0x0000000714708860}: 'void java.lang.invoke.DirectMethodHandle$Holder.invokeInterface(java.lang.Object, java.lang.Object, java.lang.Object)'> (0x0000000714708860) 
thrown [s\src\hotspot\share\interpreter\linkResolver.cpp, line 771]
Event: 0.350 Thread 0x00000285a42b7120 Exception <a 'java/lang/NoSuchMethodError'{0x000000071471ed48}: 'int java.lang.invoke.DirectMethodHandle$Holder.invokeStaticInit(java.lang.Object, int, int)'> (0x000000071471ed48) 
thrown [s\src\hotspot\share\interpreter\linkResolver.cpp, line 771]
Event: 0.352 Thread 0x00000285a42b7120 Exception <a 'java/lang/NoSuchMethodError'{0x0000000714761a68}: 'void java.lang.invoke.DirectMethodHandle$Holder.invokeVirtual(java.lang.Object, java.lang.Object)'> (0x0000000714761a68) 
thrown [s\src\hotspot\share\interpreter\linkResolver.cpp, line 771]

VM Operations (8 events):
Event: 0.100 Executing VM operation: HandshakeAllThreads
Event: 0.100 Executing VM operation: HandshakeAllThreads done
Event: 0.111 Executing VM operation: HandshakeAllThreads
Event: 0.111 Executing VM operation: HandshakeAllThreads done
Event: 0.202 Executing VM operation: HandshakeAllThreads
Event: 0.202 Executing VM operation: HandshakeAllThreads done
Event: 0.256 Executing VM operation: HandshakeAllThreads
Event: 0.256 Executing VM operation: HandshakeAllThreads done

Events (20 events):
Event: 0.358 loading class sun/security/ssl/ClientHello$ClientHelloMessage done
Event: 0.358 loading class sun/security/ssl/SSLExtensions
Event: 0.358 loading class sun/security/ssl/SSLExtensions done
Event: 0.358 loading class sun/security/ssl/SSLExtension
Event: 0.359 loading class sun/security/ssl/SSLStringizer
Event: 0.359 loading class sun/security/ssl/SSLStringizer done
Event: 0.359 loading class sun/security/ssl/SSLExtension done
Event: 0.359 loading class sun/security/ssl/ServerNameExtension
Event: 0.359 loading class sun/security/ssl/ServerNameExtension done
Event: 0.359 loading class sun/security/ssl/ServerNameExtension$CHServerNameProducer
Event: 0.359 loading class sun/security/ssl/ServerNameExtension$CHServerNameProducer done
Event: 0.359 loading class sun/security/ssl/ServerNameExtension$CHServerNameConsumer
Event: 0.359 loading class sun/security/ssl/SSLExtension$ExtensionConsumer
Event: 0.359 loading class sun/security/ssl/SSLExtension$ExtensionConsumer done
Event: 0.359 loading class sun/security/ssl/ServerNameExtension$CHServerNameConsumer done
Event: 0.359 loading class sun/security/ssl/ServerNameExtension$CHServerNamesStringizer
Event: 0.359 loading class sun/security/ssl/ServerNameExtension$CHServerNamesStringizer done
Event: 0.359 loading class sun/security/ssl/ServerNameExtension$SHServerNameProducer
Event: 0.359 loading class sun/security/ssl/ServerNameExtension$SHServerNameProducer done
Event: 0.359 loading class sun/security/ssl/ServerNameExtension$SHServerNameConsumer


Dynamic libraries:
0x00007ff7d66c0000 - 0x00007ff7d66ca000 	C:\Program Files\JetBrains\PyCharm Community Edition 2023.3.2\jbr\bin\java.exe
0x00007ff95dfb0000 - 0x00007ff95e1a8000 	C:\WINDOWS\SYSTEM32\ntdll.dll
0x00007ff95c4e0000 - 0x00007ff95c5a1000 	C:\WINDOWS\System32\KERNEL32.DLL
0x00007ff95b990000 - 0x00007ff95bc86000 	C:\WINDOWS\System32\KERNELBASE.dll
0x0000000052c30000 - 0x0000000052f62000 	C:\Program Files\Norton Security\NortonData\22.22.1.58\Definitions\IPSDefs\20240802.064\IPSEng64.dll
0x00007ff95c300000 - 0x00007ff95c3b0000 	C:\WINDOWS\System32\ADVAPI32.dll
0x00007ff95c5b0000 - 0x00007ff95c64e000 	C:\WINDOWS\System32\msvcrt.dll
0x00007ff95d6c0000 - 0x00007ff95d760000 	C:\WINDOWS\System32\sechost.dll
0x00007ff95c3b0000 - 0x00007ff95c4d3000 	C:\WINDOWS\System32\RPCRT4.dll
0x00007ff95bdf0000 - 0x00007ff95be17000 	C:\WINDOWS\System32\bcrypt.dll
0x00007ff95cff0000 - 0x00007ff95cff8000 	C:\WINDOWS\System32\PSAPI.DLL
0x00007ff95b660000 - 0x00007ff95b760000 	C:\WINDOWS\System32\ucrtbase.dll
0x00007ff937a60000 - 0x00007ff937a7b000 	C:\Program Files\JetBrains\PyCharm Community Edition 2023.3.2\jbr\bin\VCRUNTIME140.dll
0x00007ff924c70000 - 0x00007ff924c87000 	C:\Program Files\JetBrains\PyCharm Community Edition 2023.3.2\jbr\bin\jli.dll
0x00007ff95dcb0000 - 0x00007ff95de4f000 	C:\WINDOWS\System32\USER32.dll
0x00007ff95bfb0000 - 0x00007ff95bfd2000 	C:\WINDOWS\System32\win32u.dll
0x00007ff95d000000 - 0x00007ff95d02b000 	C:\WINDOWS\System32\GDI32.dll
0x00007ff93cfe0000 - 0x00007ff93d27a000 	C:\WINDOWS\WinSxS\amd64_microsoft.windows.common-controls_6595b64144ccf1df_6.0.19041.4355_none_60b8b9eb71f62e16\COMCTL32.dll
0x00007ff95be20000 - 0x00007ff95bf37000 	C:\WINDOWS\System32\gdi32full.dll
0x00007ff95b840000 - 0x00007ff95b8dd000 	C:\WINDOWS\System32\msvcp_win.dll
0x00007ff95cf60000 - 0x00007ff95cf8f000 	C:\WINDOWS\System32\IMM32.DLL
0x00007ff956530000 - 0x00007ff95653c000 	C:\Program Files\JetBrains\PyCharm Community Edition 2023.3.2\jbr\bin\vcruntime140_1.dll
0x00007ff9207d0000 - 0x00007ff92085d000 	C:\Program Files\JetBrains\PyCharm Community Edition 2023.3.2\jbr\bin\msvcp140.dll
0x00007ff8d3260000 - 0x00007ff8d3ee2000 	C:\Program Files\JetBrains\PyCharm Community Edition 2023.3.2\jbr\bin\server\jvm.dll
0x00007ff9541c0000 - 0x00007ff9541c9000 	C:\WINDOWS\SYSTEM32\WSOCK32.dll
0x00007ff95abe0000 - 0x00007ff95ac2b000 	C:\WINDOWS\SYSTEM32\POWRPROF.dll
0x00007ff947240000 - 0x00007ff947267000 	C:\WINDOWS\SYSTEM32\WINMM.dll
0x00007ff955ee0000 - 0x00007ff955eea000 	C:\WINDOWS\SYSTEM32\VERSION.dll
0x00007ff95c290000 - 0x00007ff95c2fb000 	C:\WINDOWS\System32\WS2_32.dll
0x00007ff95aa50000 - 0x00007ff95aa62000 	C:\WINDOWS\SYSTEM32\UMPDC.dll
0x00007ff959420000 - 0x00007ff959432000 	C:\WINDOWS\SYSTEM32\kernel.appcore.dll
0x00007ff953bc0000 - 0x00007ff953bca000 	C:\Program Files\JetBrains\PyCharm Community Edition 2023.3.2\jbr\bin\jimage.dll
0x00007ff9549f0000 - 0x00007ff954bd4000 	C:\WINDOWS\SYSTEM32\DBGHELP.DLL
0x00007ff954cf0000 - 0x00007ff954d24000 	C:\WINDOWS\SYSTEM32\dbgcore.DLL
0x00007ff95b760000 - 0x00007ff95b7e2000 	C:\WINDOWS\System32\bcryptPrimitives.dll
0x00007ff92dfe0000 - 0x00007ff92e005000 	C:\Program Files\JetBrains\PyCharm Community Edition 2023.3.2\jbr\bin\java.dll
0x00007ff93a350000 - 0x00007ff93a368000 	C:\Program Files\JetBrains\PyCharm Community Edition 2023.3.2\jbr\bin\zip.dll
0x00007ff95c770000 - 0x00007ff95cedc000 	C:\WINDOWS\System32\SHELL32.dll
0x00007ff959700000 - 0x00007ff959e9e000 	C:\WINDOWS\SYSTEM32\windows.storage.dll
0x00007ff95d2b0000 - 0x00007ff95d603000 	C:\WINDOWS\System32\combase.dll
0x00007ff95b080000 - 0x00007ff95b0ae000 	C:\WINDOWS\SYSTEM32\Wldp.dll
0x00007ff95d030000 - 0x00007ff95d0fd000 	C:\WINDOWS\System32\OLEAUT32.dll
0x00007ff95c650000 - 0x00007ff95c6fd000 	C:\WINDOWS\System32\SHCORE.dll
0x00007ff95c230000 - 0x00007ff95c285000 	C:\WINDOWS\System32\shlwapi.dll
0x00007ff95b590000 - 0x00007ff95b5b4000 	C:\WINDOWS\SYSTEM32\profapi.dll
0x00007ff9379b0000 - 0x00007ff9379c9000 	C:\Program Files\JetBrains\PyCharm Community Edition 2023.3.2\jbr\bin\net.dll
0x00007ff955010000 - 0x00007ff95511a000 	C:\WINDOWS\SYSTEM32\WINHTTP.dll
0x00007ff95ade0000 - 0x00007ff95ae4a000 	C:\WINDOWS\system32\mswsock.dll
0x00007ff92e280000 - 0x00007ff92e296000 	C:\Program Files\JetBrains\PyCharm Community Edition 2023.3.2\jbr\bin\nio.dll
0x00007ff95afd0000 - 0x00007ff95afe8000 	C:\WINDOWS\SYSTEM32\CRYPTSP.dll
0x00007ff95a630000 - 0x00007ff95a664000 	C:\WINDOWS\system32\rsaenh.dll
0x00007ff95b500000 - 0x00007ff95b52e000 	C:\WINDOWS\SYSTEM32\USERENV.dll
0x00007ff95aff0000 - 0x00007ff95affc000 	C:\WINDOWS\SYSTEM32\CRYPTBASE.dll
0x00007ff95aa70000 - 0x00007ff95aaab000 	C:\WINDOWS\SYSTEM32\IPHLPAPI.DLL
0x00007ff95bfe0000 - 0x00007ff95bfe8000 	C:\WINDOWS\System32\NSI.dll
0x00007ff955520000 - 0x00007ff955537000 	C:\WINDOWS\SYSTEM32\dhcpcsvc6.DLL
0x00007ff955860000 - 0x00007ff95587d000 	C:\WINDOWS\SYSTEM32\dhcpcsvc.DLL
0x00007ff95aac0000 - 0x00007ff95ab8a000 	C:\WINDOWS\SYSTEM32\DNSAPI.dll
0x00007ff9375e0000 - 0x00007ff9375ee000 	C:\Program Files\JetBrains\PyCharm Community Edition 2023.3.2\jbr\bin\sunmscapi.dll
0x00007ff95bc90000 - 0x00007ff95bdee000 	C:\WINDOWS\System32\CRYPT32.dll
0x00007ff95b0f0000 - 0x00007ff95b119000 	C:\WINDOWS\SYSTEM32\ncrypt.dll
0x00007ff95b0b0000 - 0x00007ff95b0eb000 	C:\WINDOWS\SYSTEM32\NTASN1.dll
0x00007ff930b00000 - 0x00007ff930b07000 	C:\WINDOWS\system32\wshunix.dll
0x00007ff92e270000 - 0x00007ff92e279000 	C:\Program Files\JetBrains\PyCharm Community Edition 2023.3.2\jbr\bin\extnet.dll

dbghelp: loaded successfully - version: 4.0.5 - missing functions: none
symbol engine: initialized successfully - sym options: 0x614 - pdb path: .;C:\Program Files\JetBrains\PyCharm Community Edition 2023.3.2\jbr\bin;C:\WINDOWS\SYSTEM32;C:\Program Files\Norton Security\NortonData\22.22.1.58\Definitions\IPSDefs\20240802.064;C:\WINDOWS\WinSxS\amd64_microsoft.windows.common-controls_6595b64144ccf1df_6.0.19041.4355_none_60b8b9eb71f62e16;C:\Program Files\JetBrains\PyCharm Community Edition 2023.3.2\jbr\bin\server

VM Arguments:
java_command: git4idea.http.GitAskPassApp Username for 'https://github.com': 
java_class_path (initial): C:/Program Files/JetBrains/PyCharm Community Edition 2023.3.2/plugins/vcs-git/lib/git4idea-rt.jar;C:/Program Files/JetBrains/PyCharm Community Edition 2023.3.2/lib/externalProcess-rt.jar
Launcher Type: SUN_STANDARD

[Global flags]
     intx CICompilerCount                          = 4                                         {product} {ergonomic}
     uint ConcGCThreads                            = 2                                         {product} {ergonomic}
     uint G1ConcRefinementThreads                  = 8                                         {product} {ergonomic}
   size_t G1HeapRegionSize                         = 2097152                                   {product} {ergonomic}
    uintx GCDrainStackTargetSize                   = 64                                        {product} {ergonomic}
   size_t InitialHeapSize                          = 264241152                                 {product} {ergonomic}
   size_t MarkStackSize                            = 4194304                                   {product} {ergonomic}
   size_t MaxHeapSize                              = 4204789760                                {product} {ergonomic}
   size_t MaxNewSize                               = 2522873856                                {product} {ergonomic}
   size_t MinHeapDeltaBytes                        = 2097152                                   {product} {ergonomic}
   size_t MinHeapSize                              = 8388608                                   {product} {ergonomic}
    uintx NonNMethodCodeHeapSize                   = 5839372                                {pd product} {ergonomic}
    uintx NonProfiledCodeHeapSize                  = 122909434                              {pd product} {ergonomic}
    uintx ProfiledCodeHeapSize                     = 122909434                              {pd product} {ergonomic}
    uintx ReservedCodeCacheSize                    = 251658240                              {pd product} {ergonomic}
     bool SegmentedCodeCache                       = true                                      {product} {ergonomic}
   size_t SoftMaxHeapSize                          = 4204789760                             {manageable} {ergonomic}
     bool UseCompressedClassPointers               = true                           {product lp64_product} {ergonomic}
     bool UseCompressedOops                        = true                           {product lp64_product} {ergonomic}
     bool UseG1GC                                  = true                                      {product} {ergonomic}
     bool UseLargePagesIndividualAllocation        = false                                  {pd product} {ergonomic}

Logging:
Log output configuration:
 #0: stdout all=warning uptime,level,tags
 #1: stderr all=off uptime,level,tags

Environment Variables:
JAVA_HOME=C:\Program Files\Java\jdk-17.0.1
PATH=C:/Program Files/Git/mingw64/libexec/git-core;C:/Program Files/Git/mingw64/libexec/git-core;C:\Program Files\Git\mingw64\bin;C:\Program Files\Git\usr\bin;C:\Users\turnt\bin;C:\Users\turnt\OneDrive\???Python\2023_July\.venv\Scripts;C:\Program Files\Eclipse Adoptium\jdk-8.0.352.8-hotspot\bin;C:\Program Files\Common Files\Oracle\Java\javapath;C:\Program Files (x86)\Common Files\Oracle\Java\java8path;C:\Program Files (x86)\Common Files\Oracle\Java\javapath;C:\Program Files (x86)\Intel\Intel(R) Management Engine Components\iCLS\;C:\Program Files\Intel\Intel(R) Management Engine Components\iCLS\;C:\WINDOWS\system32;C:\WINDOWS;C:\WINDOWS\System32\Wbem;C:\WINDOWS\System32\WindowsPowerShell\v1.0\;C:\WINDOWS\System32\OpenSSH\;C:\Program Files (x86)\Intel\Intel(R) Management Engine Components\DAL;C:\Program Files\Intel\Intel(R) Management Engine Components\DAL;C:\PROGRA~1\JPKI;C:\Program Files\Microsoft SQL Server\130\Tools\Binn\;C:\Program Files\Java\jdk-17.0.1\bin;C:\Program Files\Java\jdk1.8.0_202\bin;C:\Program Files\MySQL\MySQL Server 8.0\bin;C:\Program Files\Microsoft SQL Server\Client SDK\ODBC\110\Tools\Binn\;C:\Program Files (x86)\Microsoft SQL Server\120\Tools\Binn\;C:\Program Files\Microsoft SQL Server\120\Tools\Binn\;C:\Program Files\Microsoft SQL Server\120\DTS\Binn\;C:\Program Files (x86)\Microsoft SQL Server\120\Tools\Binn\ManagementStudio\;C:\Program Files (x86)\Microsoft SQL Server\120\DTS\Binn\;C:\Users\turnt\anaconda3;C:\Users\turnt\anaconda3\Scripts;C:\Users\turnt\anaconda3\Library\bin;C:\Users\turnt\anaconda3\Library\mingw-w64\bin;C:\Program Files\Go\bin;C:\Program Files\PowerShell\7\;C:\Program Files (x86)\Windows Kits\10\Windows Performance Toolkit\;C:\Program Files\Git\cmd;C:\Users\turnt\AppData\Local\Programs\Python\Launcher\;C:\Users\turnt\anaconda3;C:\Users\turnt\anaconda3\Scripts;C:\Users\turnt\scoop\shims;C:\Users\turnt\anaconda3\Library\mingw-w64\bin;C:\Users\turnt\anaconda3\Library\usr\bin;C:\Users\turnt\anaconda3\Libr
USERNAME=turnt
DISPLAY=:0.0
LC_ALL=en_US.UTF-8
TERM=xterm-256color
TMPDIR=C:\Users\turnt\AppData\Local\Temp
OS=Windows_NT
PROCESSOR_IDENTIFIER=Intel64 Family 6 Model 158 Stepping 13, GenuineIntel
TMP=C:\Users\turnt\AppData\Local\Temp
TEMP=C:\Users\turnt\AppData\Local\Temp



Periodic native trim disabled

JNI global refs:
JNI global refs: 20, weak refs: 0

JNI global refs memory usage: 843, weak refs: 209

OOME stack traces (most recent first):
Classloader memory used:
Loader bootstrap                                                                       : 1619K
Loader jdk.internal.loader.ClassLoaders$PlatformClassLoader                            : 166K
Loader jdk.internal.loader.ClassLoaders$AppClassLoader                                 : 1808B


---------------  S Y S T E M  ---------------

OS:
 Windows 10 , 64 bit Build 19041 (10.0.19041.4597)
OS uptime: 7 days 9:35 hours

CPU: total 8 (initial active 8) (8 cores per cpu, 1 threads per core) family 6 model 158 stepping 13 microcode 0xb4, cx8, cmov, fxsr, mmx, 3dnowpref, sse, sse2, sse3, ssse3, sse4.1, sse4.2, popcnt, lzcnt, tsc, tscinvbit, avx, avx2, aes, erms, clmul, bmi1, bmi2, rtm, adx, fma, vzeroupper, clflush, clflushopt
Processor Information for all 8 processors :
  Max Mhz: 3601, Current Mhz: 3601, Mhz Limit: 3601

Memory: 4k page, system-wide physical 16038M (5048M free)
TotalPageFile size 21038M (AvailPageFile size 5M)
current process WorkingSet (physical memory assigned to process): 64M, peak: 64M
current process commit charge ("private bytes"): 347M, peak: 348M

vm_info: OpenJDK 64-Bit Server VM (17.0.10+8-b1207.12) for windows-amd64 JRE (17.0.10+8-b1207.12), built on 2024-03-15 by "builduser" with MS VC++ 16.10 / 16.11 (VS2019)

END.
